\BOOKMARK [1][-]{section.1}{Introduction}{}% 1
\BOOKMARK [1][-]{section.2}{Diagrammes}{}% 2
\BOOKMARK [2][-]{subsection.2.1}{Diagramme de timing}{section.2}% 3
\BOOKMARK [2][-]{subsection.2.2}{Diagramme de classe}{section.2}% 4
\BOOKMARK [1][-]{section.3}{Patterns}{}% 5
\BOOKMARK [2][-]{subsection.3.1}{Singleton}{section.3}% 6
\BOOKMARK [2][-]{subsection.3.2}{Sujet-observateur}{section.3}% 7
\BOOKMARK [2][-]{subsection.3.3}{Factory}{section.3}% 8
\BOOKMARK [1][-]{section.4}{Questions}{}% 9
\BOOKMARK [2][-]{subsection.4.1}{T\342che 6}{section.4}% 10
\BOOKMARK [3][-]{subsubsection.4.1.1}{Question 1}{subsection.4.1}% 11
\BOOKMARK [3][-]{subsubsection.4.1.2}{Question 2}{subsection.4.1}% 12
\BOOKMARK [3][-]{subsubsection.4.1.3}{Question 3}{subsection.4.1}% 13
\BOOKMARK [2][-]{subsection.4.2}{T\342che 8}{section.4}% 14
\BOOKMARK [3][-]{subsubsection.4.2.1}{Question 1}{subsection.4.2}% 15
\BOOKMARK [3][-]{subsubsection.4.2.2}{Question 2}{subsection.4.2}% 16
\BOOKMARK [3][-]{subsubsection.4.2.3}{Question 3}{subsection.4.2}% 17
\BOOKMARK [3][-]{subsubsection.4.2.4}{Question 4}{subsection.4.2}% 18
\BOOKMARK [3][-]{subsubsection.4.2.5}{Question 5}{subsection.4.2}% 19
\BOOKMARK [2][-]{subsection.4.3}{T\342che 14}{section.4}% 20
\BOOKMARK [3][-]{subsubsection.4.3.1}{Question 1}{subsection.4.3}% 21
\BOOKMARK [3][-]{subsubsection.4.3.2}{Question 2}{subsection.4.3}% 22
\BOOKMARK [2][-]{subsection.4.4}{T\342che 15}{section.4}% 23
\BOOKMARK [3][-]{subsubsection.4.4.1}{Question 1}{subsection.4.4}% 24
\BOOKMARK [3][-]{subsubsection.4.4.2}{Question 2}{subsection.4.4}% 25
\BOOKMARK [3][-]{subsubsection.4.4.3}{Question 3}{subsection.4.4}% 26
\BOOKMARK [1][-]{section.5}{T\342ches facultatives}{}% 27
\BOOKMARK [2][-]{subsection.5.1}{FA1 - Fonction trigger}{section.5}% 28
\BOOKMARK [2][-]{subsection.5.2}{FA2 - Axe du temps}{section.5}% 29
\BOOKMARK [1][-]{section.6}{Tests}{}% 30
\BOOKMARK [2][-]{subsection.6.1}{A}{section.6}% 31
\BOOKMARK [2][-]{subsection.6.2}{B}{section.6}% 32
\BOOKMARK [2][-]{subsection.6.3}{C}{section.6}% 33
\BOOKMARK [2][-]{subsection.6.4}{D}{section.6}% 34
\BOOKMARK [2][-]{subsection.6.5}{E}{section.6}% 35
\BOOKMARK [2][-]{subsection.6.6}{F}{section.6}% 36
\BOOKMARK [2][-]{subsection.6.7}{G}{section.6}% 37
\BOOKMARK [2][-]{subsection.6.8}{L}{section.6}% 38
\BOOKMARK [2][-]{subsection.6.9}{Summary}{section.6}% 39
\BOOKMARK [1][-]{section.7}{Conclusion}{}% 40
